  gcc   -L/usr/local/lib 	-o vim objects/buffer.o objects/charset.o objects/diff.o objects/digraph.o objects/edit.o objects/eval.o objects/ex_cmds.o objects/ex_cmds2.o objects/ex_docmd.o objects/ex_eval.o objects/ex_getln.o objects/fileio.o objects/fold.o objects/getchar.o objects/hardcopy.o objects/hashtab.o  objects/if_cscope.o objects/if_xcmdsrv.o objects/main.o objects/mark.o objects/memfile.o objects/memline.o objects/menu.o objects/message.o objects/misc1.o objects/misc2.o objects/move.o objects/mbyte.o objects/normal.o objects/ops.o objects/option.o objects/os_unix.o objects/pathdef.o objects/popupmnu.o objects/quickfix.o objects/regexp.o objects/screen.o objects/search.o objects/spell.o objects/syntax.o  objects/tag.o objects/term.o objects/ui.o objects/undo.o objects/window.o objects/gui.o objects/gui_gtk.o objects/gui_gtk_x11.o objects/pty.o objects/gui_gtk_f.o objects/gui_beval.o          objects/version.o   -lgtk-x11-2.0 -lgdk-x11-2.0 -latk-1.0 -lgdk_pixbuf-2.0 -lm -lpangocairo-1.0 -lpango-1.0 -lcairo -lgobject-2.0 -lgmodule-2.0 -ldl -lglib-2.0   -lICE -lXt -lX11 -lXdmcp -lSM -lICE -lncurses         
  gcc   -L/usr/local/lib 	-o vim objects/buffer.o objects/charset.o objects/diff.o objects/digraph.o objects/edit.o objects/eval.o objects/ex_cmds.o objects/ex_cmds2.o objects/ex_docmd.o objects/ex_eval.o objects/ex_getln.o objects/fileio.o objects/fold.o objects/getchar.o objects/hardcopy.o objects/hashtab.o  objects/if_cscope.o objects/if_xcmdsrv.o objects/main.o objects/mark.o objects/memfile.o objects/memline.o objects/menu.o objects/message.o objects/misc1.o objects/misc2.o objects/move.o objects/mbyte.o objects/normal.o objects/ops.o objects/option.o objects/os_unix.o objects/pathdef.o objects/popupmnu.o objects/quickfix.o objects/regexp.o objects/screen.o objects/search.o objects/spell.o objects/syntax.o  objects/tag.o objects/term.o objects/ui.o objects/undo.o objects/window.o objects/gui.o objects/gui_gtk.o objects/gui_gtk_x11.o objects/pty.o objects/gui_gtk_f.o objects/gui_beval.o          objects/version.o   -lgtk-x11-2.0 -lgdk-x11-2.0 -latk-1.0 -lgdk_pixbuf-2.0 -lm -lpangocairo-1.0 -lpango-1.0 -lcairo -lgobject-2.0 -lgmodule-2.0 -ldl -lglib-2.0   -lICE -lXt -lX11 -lXdmcp -lICE -lncurses         
  gcc   -L/usr/local/lib 	-o vim objects/buffer.o objects/charset.o objects/diff.o objects/digraph.o objects/edit.o objects/eval.o objects/ex_cmds.o objects/ex_cmds2.o objects/ex_docmd.o objects/ex_eval.o objects/ex_getln.o objects/fileio.o objects/fold.o objects/getchar.o objects/hardcopy.o objects/hashtab.o  objects/if_cscope.o objects/if_xcmdsrv.o objects/main.o objects/mark.o objects/memfile.o objects/memline.o objects/menu.o objects/message.o objects/misc1.o objects/misc2.o objects/move.o objects/mbyte.o objects/normal.o objects/ops.o objects/option.o objects/os_unix.o objects/pathdef.o objects/popupmnu.o objects/quickfix.o objects/regexp.o objects/screen.o objects/search.o objects/spell.o objects/syntax.o  objects/tag.o objects/term.o objects/ui.o objects/undo.o objects/window.o objects/gui.o objects/gui_gtk.o objects/gui_gtk_x11.o objects/pty.o objects/gui_gtk_f.o objects/gui_beval.o          objects/version.o   -lgtk-x11-2.0 -lgdk-x11-2.0 -latk-1.0 -lgdk_pixbuf-2.0 -lm -lpangocairo-1.0 -lpango-1.0 -lcairo -lgobject-2.0 -lgmodule-2.0 -ldl -lglib-2.0   -lXt -lX11 -lXdmcp -lICE -lncurses         
  gcc   -L/usr/local/lib 	-o vim objects/buffer.o objects/charset.o objects/diff.o objects/digraph.o objects/edit.o objects/eval.o objects/ex_cmds.o objects/ex_cmds2.o objects/ex_docmd.o objects/ex_eval.o objects/ex_getln.o objects/fileio.o objects/fold.o objects/getchar.o objects/hardcopy.o objects/hashtab.o  objects/if_cscope.o objects/if_xcmdsrv.o objects/main.o objects/mark.o objects/memfile.o objects/memline.o objects/menu.o objects/message.o objects/misc1.o objects/misc2.o objects/move.o objects/mbyte.o objects/normal.o objects/ops.o objects/option.o objects/os_unix.o objects/pathdef.o objects/popupmnu.o objects/quickfix.o objects/regexp.o objects/screen.o objects/search.o objects/spell.o objects/syntax.o  objects/tag.o objects/term.o objects/ui.o objects/undo.o objects/window.o objects/gui.o objects/gui_gtk.o objects/gui_gtk_x11.o objects/pty.o objects/gui_gtk_f.o objects/gui_beval.o          objects/version.o   -lgtk-x11-2.0 -lgdk-x11-2.0 -latk-1.0 -lgdk_pixbuf-2.0 -lm -lpangocairo-1.0 -lpango-1.0 -lcairo -lgobject-2.0 -lgmodule-2.0 -ldl -lglib-2.0   -lXt -lX11 -lXdmcp -lncurses         
  gcc   -L/usr/local/lib 	-o vim objects/buffer.o objects/charset.o objects/diff.o objects/digraph.o objects/edit.o objects/eval.o objects/ex_cmds.o objects/ex_cmds2.o objects/ex_docmd.o objects/ex_eval.o objects/ex_getln.o objects/fileio.o objects/fold.o objects/getchar.o objects/hardcopy.o objects/hashtab.o  objects/if_cscope.o objects/if_xcmdsrv.o objects/main.o objects/mark.o objects/memfile.o objects/memline.o objects/menu.o objects/message.o objects/misc1.o objects/misc2.o objects/move.o objects/mbyte.o objects/normal.o objects/ops.o objects/option.o objects/os_unix.o objects/pathdef.o objects/popupmnu.o objects/quickfix.o objects/regexp.o objects/screen.o objects/search.o objects/spell.o objects/syntax.o  objects/tag.o objects/term.o objects/ui.o objects/undo.o objects/window.o objects/gui.o objects/gui_gtk.o objects/gui_gtk_x11.o objects/pty.o objects/gui_gtk_f.o objects/gui_beval.o          objects/version.o   -lgtk-x11-2.0 -lgdk-x11-2.0 -latk-1.0 -lgdk_pixbuf-2.0 -lm -lpangocairo-1.0 -lpango-1.0 -lcairo -lgobject-2.0 -lgmodule-2.0 -ldl -lglib-2.0   -lX11 -lXdmcp -lncurses         
objects/os_unix.o: In function `xsmp_close':
os_unix.c:(.text+0x138): undefined reference to `SmcCloseConnection'
objects/os_unix.o: In function `xsmp_init':
os_unix.c:(.text+0x1ef): undefined reference to `IceAddConnectionWatch'
os_unix.c:(.text+0x279): undefined reference to `SmcOpenConnection'
os_unix.c:(.text+0x28a): undefined reference to `SmcGetIceConnection'
objects/os_unix.o: In function `xsmp_ice_connection':
os_unix.c:(.text+0x2f6): undefined reference to `IceConnectionNumber'
objects/os_unix.o: In function `xsmp_shutdown_cancelled':
os_unix.c:(.text+0x33f): undefined reference to `SmcSaveYourselfDone'
objects/os_unix.o: In function `xsmp_handle_save_yourself':
os_unix.c:(.text+0x3df): undefined reference to `SmcSaveYourselfDone'
os_unix.c:(.text+0x3ff): undefined reference to `SmcSaveYourselfDone'
objects/os_unix.o: In function `xsmp_handle_requests':
os_unix.c:(.text+0x42e): undefined reference to `IceProcessMessages'
objects/os_unix.o: In function `clear_xterm_clip':
os_unix.c:(.text+0x503): undefined reference to `XtDestroyWidget'
objects/os_unix.o: In function `xterm_update':
os_unix.c:(.text+0x924): undefined reference to `XtDispatchEvent'
os_unix.c:(.text+0x931): undefined reference to `XtAppPending'
os_unix.c:(.text+0x94f): undefined reference to `XtAppNextEvent'
objects/os_unix.o: In function `setup_term_clip':
os_unix.c:(.text+0x2deb): undefined reference to `XtOpenDisplay'
os_unix.c:(.text+0x2e55): undefined reference to `applicationShellWidgetClass'
os_unix.c:(.text+0x2e6d): undefined reference to `XtVaAppCreateShell'
os_unix.c:(.text+0x2e8d): undefined reference to `XtStrings'
os_unix.c:(.text+0x2e9d): undefined reference to `XtStrings'
os_unix.c:(.text+0x2ead): undefined reference to `XtStrings'
os_unix.c:(.text+0x2eb6): undefined reference to `topLevelShellWidgetClass'
os_unix.c:(.text+0x2ec6): undefined reference to `XtVaCreatePopupShell'
os_unix.c:(.text+0x2ef6): undefined reference to `XtRealizeWidget'
objects/os_unix.o: In function `xsmp_ice_connection':
os_unix.c:(.text+0x30f): undefined reference to `IceRemoveConnectionWatch'
objects/ui.o: In function `clip_x11_own_selection':
ui.c:(.text+0x1197): undefined reference to `XtOwnSelection'
objects/ui.o: In function `clip_x11_convert_selection_cb':
ui.c:(.text+0x13fa): undefined reference to `XtMalloc'
ui.c:(.text+0x1508): undefined reference to `XtFree'
ui.c:(.text+0x154c): undefined reference to `XtMalloc'
objects/ui.o: In function `clip_x11_lose_selection':
ui.c:(.text+0x168f): undefined reference to `XtDisownSelection'
objects/ui.o: In function `clip_x11_request_selection':
ui.c:(.text+0x172b): undefined reference to `XtGetSelectionValue'
ui.c:(.text+0x1784): undefined reference to `XtDispatchEvent'
ui.c:(.text+0x178e): undefined reference to `XtDispatchEvent'
objects/ui.o: In function `clip_x11_request_selection_cb':
ui.c:(.text+0x1914): undefined reference to `XtFree'
objects/ui.o: In function `open_app_context':
ui.c:(.text+0x1b82): undefined reference to `XtToolkitInitialize'
ui.c:(.text+0x1b87): undefined reference to `XtCreateApplicationContext'
collect2: ld returned 1 exit status
  gcc   -L/usr/local/lib 	-o vim objects/buffer.o objects/charset.o objects/diff.o objects/digraph.o objects/edit.o objects/eval.o objects/ex_cmds.o objects/ex_cmds2.o objects/ex_docmd.o objects/ex_eval.o objects/ex_getln.o objects/fileio.o objects/fold.o objects/getchar.o objects/hardcopy.o objects/hashtab.o  objects/if_cscope.o objects/if_xcmdsrv.o objects/main.o objects/mark.o objects/memfile.o objects/memline.o objects/menu.o objects/message.o objects/misc1.o objects/misc2.o objects/move.o objects/mbyte.o objects/normal.o objects/ops.o objects/option.o objects/os_unix.o objects/pathdef.o objects/popupmnu.o objects/quickfix.o objects/regexp.o objects/screen.o objects/search.o objects/spell.o objects/syntax.o  objects/tag.o objects/term.o objects/ui.o objects/undo.o objects/window.o objects/gui.o objects/gui_gtk.o objects/gui_gtk_x11.o objects/pty.o objects/gui_gtk_f.o objects/gui_beval.o          objects/version.o   -lgtk-x11-2.0 -lgdk-x11-2.0 -latk-1.0 -lgdk_pixbuf-2.0 -lm -lpangocairo-1.0 -lpango-1.0 -lcairo -lgobject-2.0 -lgmodule-2.0 -ldl -lglib-2.0   -lXt -lXdmcp -lncurses         
  gcc   -L/usr/local/lib 	-o vim objects/buffer.o objects/charset.o objects/diff.o objects/digraph.o objects/edit.o objects/eval.o objects/ex_cmds.o objects/ex_cmds2.o objects/ex_docmd.o objects/ex_eval.o objects/ex_getln.o objects/fileio.o objects/fold.o objects/getchar.o objects/hardcopy.o objects/hashtab.o  objects/if_cscope.o objects/if_xcmdsrv.o objects/main.o objects/mark.o objects/memfile.o objects/memline.o objects/menu.o objects/message.o objects/misc1.o objects/misc2.o objects/move.o objects/mbyte.o objects/normal.o objects/ops.o objects/option.o objects/os_unix.o objects/pathdef.o objects/popupmnu.o objects/quickfix.o objects/regexp.o objects/screen.o objects/search.o objects/spell.o objects/syntax.o  objects/tag.o objects/term.o objects/ui.o objects/undo.o objects/window.o objects/gui.o objects/gui_gtk.o objects/gui_gtk_x11.o objects/pty.o objects/gui_gtk_f.o objects/gui_beval.o          objects/version.o   -lgtk-x11-2.0 -lgdk-x11-2.0 -latk-1.0 -lgdk_pixbuf-2.0 -lm -lpangocairo-1.0 -lpango-1.0 -lcairo -lgobject-2.0 -lgmodule-2.0 -ldl -lglib-2.0   -lXt -lncurses         
  gcc   -L/usr/local/lib 	-o vim objects/buffer.o objects/charset.o objects/diff.o objects/digraph.o objects/edit.o objects/eval.o objects/ex_cmds.o objects/ex_cmds2.o objects/ex_docmd.o objects/ex_eval.o objects/ex_getln.o objects/fileio.o objects/fold.o objects/getchar.o objects/hardcopy.o objects/hashtab.o  objects/if_cscope.o objects/if_xcmdsrv.o objects/main.o objects/mark.o objects/memfile.o objects/memline.o objects/menu.o objects/message.o objects/misc1.o objects/misc2.o objects/move.o objects/mbyte.o objects/normal.o objects/ops.o objects/option.o objects/os_unix.o objects/pathdef.o objects/popupmnu.o objects/quickfix.o objects/regexp.o objects/screen.o objects/search.o objects/spell.o objects/syntax.o  objects/tag.o objects/term.o objects/ui.o objects/undo.o objects/window.o objects/gui.o objects/gui_gtk.o objects/gui_gtk_x11.o objects/pty.o objects/gui_gtk_f.o objects/gui_beval.o          objects/version.o   -lgtk-x11-2.0 -lgdk-x11-2.0 -latk-1.0 -lgdk_pixbuf-2.0 -lm -lpangocairo-1.0 -lpango-1.0 -lcairo -lgobject-2.0 -lgmodule-2.0 -lglib-2.0   -lXt -lncurses         
